Performing C SOURCE FILE Test check_mstack_protector_guard_global_C__nostartfiles__nostdlib__isystem___opt_toolchains_zephyr_sdk_0_16_8_xtensa_espressif_esp32s3_zephyr_elf_bin____lib_gcc_xtensa_espressif_esp32s3_zephyr_elf_12_2_0_include___isystem___opt_toolchains_zephyr_sdk_0_16_8_xtensa_espressif_esp32s3_zephyr_elf_bin____lib_gcc_xtensa_espressif_esp32s3_zephyr_elf_12_2_0_include_fixed___Wl___unresolved_symbols_ignore_in_object_files__Wl___entry_0__fuse_ld_bfd failed with the following output:
Change Dir: /workspace/apps/01_blink/build/CMakeFiles/CMakeScratch/TryCompile-tRzlDZ

Run Build Command(s):/usr/bin/ninja cmTC_46116 && [1/2] Building C object CMakeFiles/cmTC_46116.dir/src.c.obj
FAILED: CMakeFiles/cmTC_46116.dir/src.c.obj 
/opt/toolchains/zephyr-sdk-0.16.8/xtensa-espressif_esp32s3_zephyr-elf/bin/xtensa-espressif_esp32s3_zephyr-elf-gcc -Dcheck_mstack_protector_guard_global_C__nostartfiles__nostdlib__isystem___opt_toolchains_zephyr_sdk_0_16_8_xtensa_espressif_esp32s3_zephyr_elf_bin____lib_gcc_xtensa_espressif_esp32s3_zephyr_elf_12_2_0_include___isystem___opt_toolchains_zephyr_sdk_0_16_8_xtensa_espressif_esp32s3_zephyr_elf_bin____lib_gcc_xtensa_espressif_esp32s3_zephyr_elf_12_2_0_include_fixed___Wl___unresolved_symbols_ignore_in_object_files__Wl___entry_0__fuse_ld_bfd  -nostartfiles -nostdlib -isystem "/opt/toolchains/zephyr-sdk-0.16.8/xtensa-espressif_esp32s3_zephyr-elf/bin/../lib/gcc/xtensa-espressif_esp32s3_zephyr-elf/12.2.0/include" -isystem "/opt/toolchains/zephyr-sdk-0.16.8/xtensa-espressif_esp32s3_zephyr-elf/bin/../lib/gcc/xtensa-espressif_esp32s3_zephyr-elf/12.2.0/include-fixed" -Wl,--unresolved-symbols=ignore-in-object-files -Wl,--entry=0 -fuse-ld=bfd   -mstack-protector-guard=global -o CMakeFiles/cmTC_46116.dir/src.c.obj -c /workspace/apps/01_blink/build/CMakeFiles/CMakeScratch/TryCompile-tRzlDZ/src.c
xtensa-espressif_esp32s3_zephyr-elf-gcc: error: unrecognized command-line option '-mstack-protector-guard=global'; did you mean '-fstack-protector-all'?
ninja: build stopped: subcommand failed.


Source file was:
int main(void) { return 0; }

Performing C SOURCE FILE Test check_C__nostartfiles__nostdlib__isystem___opt_toolchains_zephyr_sdk_0_16_8_xtensa_espressif_esp32s3_zephyr_elf_bin____lib_gcc_xtensa_espressif_esp32s3_zephyr_elf_12_2_0_include___isystem___opt_toolchains_zephyr_sdk_0_16_8_xtensa_espressif_esp32s3_zephyr_elf_bin____lib_gcc_xtensa_espressif_esp32s3_zephyr_elf_12_2_0_include_fixed___Wl___unresolved_symbols_ignore_in_object_files__Wl___entry_0__fuse_ld_bfd__Wl___orphan_handling_error failed with the following output:
Change Dir: /workspace/apps/01_blink/build/CMakeFiles/CMakeScratch/TryCompile-Hllues

Run Build Command(s):/usr/bin/ninja cmTC_83dea && [1/2] Building C object CMakeFiles/cmTC_83dea.dir/src.c.obj
[2/2] Linking C executable cmTC_83dea
FAILED: cmTC_83dea 
: && /opt/toolchains/zephyr-sdk-0.16.8/xtensa-espressif_esp32s3_zephyr-elf/bin/xtensa-espressif_esp32s3_zephyr-elf-gcc -nostartfiles -nostdlib -isystem "/opt/toolchains/zephyr-sdk-0.16.8/xtensa-espressif_esp32s3_zephyr-elf/bin/../lib/gcc/xtensa-espressif_esp32s3_zephyr-elf/12.2.0/include" -isystem "/opt/toolchains/zephyr-sdk-0.16.8/xtensa-espressif_esp32s3_zephyr-elf/bin/../lib/gcc/xtensa-espressif_esp32s3_zephyr-elf/12.2.0/include-fixed" -Wl,--unresolved-symbols=ignore-in-object-files -Wl,--entry=0 -fuse-ld=bfd -Wl,--orphan-handling=error  CMakeFiles/cmTC_83dea.dir/src.c.obj -o cmTC_83dea   && :
/opt/toolchains/zephyr-sdk-0.16.8/xtensa-espressif_esp32s3_zephyr-elf/bin/../lib/gcc/xtensa-espressif_esp32s3_zephyr-elf/12.2.0/../../../../xtensa-espressif_esp32s3_zephyr-elf/bin/ld.bfd: error: unplaced orphan section `.xtensa.info' from `CMakeFiles/cmTC_83dea.dir/src.c.obj'
collect2: error: ld returned 1 exit status
ninja: build stopped: subcommand failed.


Source file was:
int main(void) { return 0; }

Performing C SOURCE FILE Test check_C__nostartfiles__nostdlib__isystem___opt_toolchains_zephyr_sdk_0_16_8_xtensa_espressif_esp32s3_zephyr_elf_bin____lib_gcc_xtensa_espressif_esp32s3_zephyr_elf_12_2_0_include___isystem___opt_toolchains_zephyr_sdk_0_16_8_xtensa_espressif_esp32s3_zephyr_elf_bin____lib_gcc_xtensa_espressif_esp32s3_zephyr_elf_12_2_0_include_fixed___Wl___unresolved_symbols_ignore_in_object_files__Wl___entry_0__fuse_ld_bfd__pg failed with the following output:
Change Dir: /workspace/apps/01_blink/build/CMakeFiles/CMakeScratch/TryCompile-3WZwza

Run Build Command(s):/usr/bin/ninja cmTC_37e01 && [1/2] Building C object CMakeFiles/cmTC_37e01.dir/src.c.obj
[2/2] Linking C executable cmTC_37e01
FAILED: cmTC_37e01 
: && /opt/toolchains/zephyr-sdk-0.16.8/xtensa-espressif_esp32s3_zephyr-elf/bin/xtensa-espressif_esp32s3_zephyr-elf-gcc -nostartfiles -nostdlib -isystem "/opt/toolchains/zephyr-sdk-0.16.8/xtensa-espressif_esp32s3_zephyr-elf/bin/../lib/gcc/xtensa-espressif_esp32s3_zephyr-elf/12.2.0/include" -isystem "/opt/toolchains/zephyr-sdk-0.16.8/xtensa-espressif_esp32s3_zephyr-elf/bin/../lib/gcc/xtensa-espressif_esp32s3_zephyr-elf/12.2.0/include-fixed" -Wl,--unresolved-symbols=ignore-in-object-files -Wl,--entry=0 -fuse-ld=bfd -pg  CMakeFiles/cmTC_37e01.dir/src.c.obj -o cmTC_37e01   && :
CMakeFiles/cmTC_37e01.dir/src.c.obj: in function `main':
src.c:(.text+0x7): dangerous relocation: call8: call target out of range: _mcount
collect2: error: ld returned 1 exit status
ninja: build stopped: subcommand failed.


Source file was:
int main(void) { return 0; }

